<?xml version="1.0" encoding="UTF-8"?>
<TestSessionContainer xmlns="http://www.codecover.org/xml/testsession-container" Date="1369390091367" TestSessionContainerId="ed97d49a-2e4d-4987-80b1-8b485affdc8b" version="1.0">
<SrcFileList>
<SrcFile Content="package is.calculator;&#10;&#10;public class Calculator {&#10;&#10;&#9;public int dividi(int x, int y) {&#10;&#9;&#9;if (y == 0) &#10;&#9;&#9;&#9;return Integer.MAX_VALUE;&#10;&#9;&#9;return x/y;&#10;&#9;}&#10;&#9;&#10;&#9;public int moltiplica(int x, int y) {&#10;&#9;&#9;return x*y;&#10;&#9;}&#10;&#9;&#10;&#9;public int MCD(int x, int y) {&#10;&#9;&#9;if (y &gt; x) &#10;&#9;&#9;&#9;return MCD(x, x);&#10;&#9;&#9;if (y == 0)&#10;&#9;&#9;&#9;return x;&#10;&#9;&#9;return MCD(y, x%y);&#10;&#9;}&#10;&#9;&#10;&#9;public int mcm(int x, int y) {&#10;&#9;&#9;return (x*y)/MCD(x, y);&#10;&#9;}&#10;&#9;&#10;}&#10;" Filename="Calculator.java" Intrnl_Id="1"/>
</SrcFileList>
<CritList>
<CritListEntry Name="org.codecover.model.utils.criteria.LoopCoverage" PluginName="org.codecover"/>
<CritListEntry Name="org.codecover.model.utils.criteria.BranchCoverage" PluginName="org.codecover"/>
<CritListEntry Name="org.codecover.model.utils.criteria.ConditionCoverage" PluginName="org.codecover"/>
<CritListEntry Name="org.codecover.model.utils.criteria.SynchronizedStatementCoverage" PluginName="org.codecover"/>
<CritListEntry Name="org.codecover.model.utils.criteria.QMOCoverage" PluginName="org.codecover"/>
<CritListEntry Name="org.codecover.model.utils.criteria.StatementCoverage" PluginName="org.codecover"/>
</CritList>
<BoolOpList/>
<HierarchyLvlTypeList>
<HierarchyLvlType EnglishName="package" IntrnlName="package" Intrnl_Id="2"/>
<HierarchyLvlType EnglishName="class" IntrnlName="class" Intrnl_Id="3"/>
<HierarchyLvlType EnglishName="method" IntrnlName="method" Intrnl_Id="4"/>
<HierarchyLvlType EnglishName="default package" IntrnlName="default package" Intrnl_Id="5"/>
</HierarchyLvlTypeList>
<MASTRoot>
<HierarchyLvl HierarchyLvlId="9" HierarchyLvlTypeId="5" Intrnl_Id="6" Name="default package">
<Header/>
<LocList/>
<HierarchyLvl HierarchyLvlId="8" HierarchyLvlTypeId="2" Intrnl_Id="7" Name="is">
<Header/>
<LocList/>
<HierarchyLvl HierarchyLvlId="7" HierarchyLvlTypeId="2" Intrnl_Id="8" Name="calculator">
<Header/>
<LocList/>
<HierarchyLvl HierarchyLvlId="6" HierarchyLvlTypeId="3" Intrnl_Id="9" Name="Calculator">
<Header>
<Loc EndOffset="47" SrcFileId="1" StartOffset="24"/>
</Header>
<LocList>
<Loc EndOffset="392" SrcFileId="1" StartOffset="24"/>
</LocList>
<HierarchyLvl HierarchyLvlId="2" HierarchyLvlTypeId="4" Intrnl_Id="10" Name="dividi">
<Header>
<Loc EndOffset="83" SrcFileId="1" StartOffset="52"/>
</Header>
<LocList>
<Loc EndOffset="146" SrcFileId="1" StartOffset="52"/>
</LocList>
<StmntSeq Intrnl_Id="11">
<LocList>
<Loc EndOffset="129" SrcFileId="1" StartOffset="88"/>
<Loc EndOffset="143" SrcFileId="1" StartOffset="132"/>
</LocList>
<CondStmnt CovItemId="S1" CovItemPrefix="is.calculator.Calculator.java" Intrnl_Id="12">
<Branch CovItemId="B1" CovItemPrefix="is.calculator.Calculator.java" Implct="false" Intrnl_Id="13">
<Cond/>
<LocList>
<Loc EndOffset="129" SrcFileId="1" StartOffset="104"/>
</LocList>
<StmntSeq Intrnl_Id="14">
<LocList>
<Loc EndOffset="129" SrcFileId="1" StartOffset="104"/>
</LocList>
<BasicStmnt CovItemId="S2" CovItemPrefix="is.calculator.Calculator.java" Intrnl_Id="15">
<LocList>
<Loc EndOffset="129" SrcFileId="1" StartOffset="104"/>
</LocList>
</BasicStmnt>
</StmntSeq>
</Branch>
<Branch CovItemId="B2" CovItemPrefix="is.calculator.Calculator.java" Implct="true" Intrnl_Id="16">
<Cond/>
<LocList/>
<StmntSeq Intrnl_Id="17">
<LocList/>
</StmntSeq>
</Branch>
<Keyword EndOffset="90" SrcFileId="1" StartOffset="88"/>
<LocList>
<Loc EndOffset="129" SrcFileId="1" StartOffset="88"/>
</LocList>
<RootTerm CovItemId="C1" CovItemPrefix="is.calculator.Calculator.java" Intrnl_Id="18">
<BasicBoolTerm Intrnl_Id="19">
<LocList>
<Loc EndOffset="98" SrcFileId="1" StartOffset="92"/>
</LocList>
</BasicBoolTerm>
</RootTerm>
</CondStmnt>
<BasicStmnt CovItemId="S3" CovItemPrefix="is.calculator.Calculator.java" Intrnl_Id="20">
<LocList>
<Loc EndOffset="143" SrcFileId="1" StartOffset="132"/>
</LocList>
</BasicStmnt>
</StmntSeq>
</HierarchyLvl>
<HierarchyLvl HierarchyLvlId="3" HierarchyLvlTypeId="4" Intrnl_Id="21" Name="moltiplica">
<Header>
<Loc EndOffset="185" SrcFileId="1" StartOffset="150"/>
</Header>
<LocList>
<Loc EndOffset="204" SrcFileId="1" StartOffset="150"/>
</LocList>
<StmntSeq Intrnl_Id="22">
<LocList>
<Loc EndOffset="201" SrcFileId="1" StartOffset="190"/>
</LocList>
<BasicStmnt CovItemId="S4" CovItemPrefix="is.calculator.Calculator.java" Intrnl_Id="23">
<LocList>
<Loc EndOffset="201" SrcFileId="1" StartOffset="190"/>
</LocList>
</BasicStmnt>
</StmntSeq>
</HierarchyLvl>
<HierarchyLvl HierarchyLvlId="4" HierarchyLvlTypeId="4" Intrnl_Id="24" Name="MCD">
<Header>
<Loc EndOffset="236" SrcFileId="1" StartOffset="208"/>
</Header>
<LocList>
<Loc EndOffset="325" SrcFileId="1" StartOffset="208"/>
</LocList>
<StmntSeq Intrnl_Id="25">
<LocList>
<Loc EndOffset="273" SrcFileId="1" StartOffset="241"/>
<Loc EndOffset="300" SrcFileId="1" StartOffset="276"/>
<Loc EndOffset="322" SrcFileId="1" StartOffset="303"/>
</LocList>
<CondStmnt CovItemId="S5" CovItemPrefix="is.calculator.Calculator.java" Intrnl_Id="26">
<Branch CovItemId="B3" CovItemPrefix="is.calculator.Calculator.java" Implct="false" Intrnl_Id="27">
<Cond/>
<LocList>
<Loc EndOffset="273" SrcFileId="1" StartOffset="256"/>
</LocList>
<StmntSeq Intrnl_Id="28">
<LocList>
<Loc EndOffset="273" SrcFileId="1" StartOffset="256"/>
</LocList>
<BasicStmnt CovItemId="S6" CovItemPrefix="is.calculator.Calculator.java" Intrnl_Id="29">
<LocList>
<Loc EndOffset="273" SrcFileId="1" StartOffset="256"/>
</LocList>
</BasicStmnt>
</StmntSeq>
</Branch>
<Branch CovItemId="B4" CovItemPrefix="is.calculator.Calculator.java" Implct="true" Intrnl_Id="30">
<Cond/>
<LocList/>
<StmntSeq Intrnl_Id="31">
<LocList/>
</StmntSeq>
</Branch>
<Keyword EndOffset="243" SrcFileId="1" StartOffset="241"/>
<LocList>
<Loc EndOffset="273" SrcFileId="1" StartOffset="241"/>
</LocList>
<RootTerm CovItemId="C2" CovItemPrefix="is.calculator.Calculator.java" Intrnl_Id="32">
<BasicBoolTerm Intrnl_Id="33">
<LocList>
<Loc EndOffset="250" SrcFileId="1" StartOffset="245"/>
</LocList>
</BasicBoolTerm>
</RootTerm>
</CondStmnt>
<CondStmnt CovItemId="S7" CovItemPrefix="is.calculator.Calculator.java" Intrnl_Id="34">
<Branch CovItemId="B5" CovItemPrefix="is.calculator.Calculator.java" Implct="false" Intrnl_Id="35">
<Cond/>
<LocList>
<Loc EndOffset="300" SrcFileId="1" StartOffset="291"/>
</LocList>
<StmntSeq Intrnl_Id="36">
<LocList>
<Loc EndOffset="300" SrcFileId="1" StartOffset="291"/>
</LocList>
<BasicStmnt CovItemId="S8" CovItemPrefix="is.calculator.Calculator.java" Intrnl_Id="37">
<LocList>
<Loc EndOffset="300" SrcFileId="1" StartOffset="291"/>
</LocList>
</BasicStmnt>
</StmntSeq>
</Branch>
<Branch CovItemId="B6" CovItemPrefix="is.calculator.Calculator.java" Implct="true" Intrnl_Id="38">
<Cond/>
<LocList/>
<StmntSeq Intrnl_Id="39">
<LocList/>
</StmntSeq>
</Branch>
<Keyword EndOffset="278" SrcFileId="1" StartOffset="276"/>
<LocList>
<Loc EndOffset="300" SrcFileId="1" StartOffset="276"/>
</LocList>
<RootTerm CovItemId="C3" CovItemPrefix="is.calculator.Calculator.java" Intrnl_Id="40">
<BasicBoolTerm Intrnl_Id="41">
<LocList>
<Loc EndOffset="286" SrcFileId="1" StartOffset="280"/>
</LocList>
</BasicBoolTerm>
</RootTerm>
</CondStmnt>
<BasicStmnt CovItemId="S9" CovItemPrefix="is.calculator.Calculator.java" Intrnl_Id="42">
<LocList>
<Loc EndOffset="322" SrcFileId="1" StartOffset="303"/>
</LocList>
</BasicStmnt>
</StmntSeq>
</HierarchyLvl>
<HierarchyLvl HierarchyLvlId="5" HierarchyLvlTypeId="4" Intrnl_Id="43" Name="mcm">
<Header>
<Loc EndOffset="357" SrcFileId="1" StartOffset="329"/>
</Header>
<LocList>
<Loc EndOffset="388" SrcFileId="1" StartOffset="329"/>
</LocList>
<StmntSeq Intrnl_Id="44">
<LocList>
<Loc EndOffset="385" SrcFileId="1" StartOffset="362"/>
</LocList>
<BasicStmnt CovItemId="S10" CovItemPrefix="is.calculator.Calculator.java" Intrnl_Id="45">
<LocList>
<Loc EndOffset="385" SrcFileId="1" StartOffset="362"/>
</LocList>
</BasicStmnt>
</StmntSeq>
</HierarchyLvl>
</HierarchyLvl>
</HierarchyLvl>
</HierarchyLvl>
</HierarchyLvl>
</MASTRoot>
<TestSession Comment="" Date="1369390126662" Name="24-mag-2013 12.08.46">
<TestCase Comment="" Date="1369390126587" Name="is.calculator.testCalculator:test">
<CovList>
<CovPrefix CovItemPrefix="is.calculator.Calculator.java">
<Cov CovItemId="S4" Value="1"/>
</CovPrefix>
</CovList>
<AssgnmntList/>
<ObjMetaDataList/>
<MetaDataList/>
</TestCase>
<TestCase Comment="" Date="1369390126592" Name="is.calculator.testCalculator:testDivisione">
<CovList>
<CovPrefix CovItemPrefix="is.calculator.Calculator.java">
<Cov CovItemId="B1" Value="1"/>
<Cov CovItemId="S1" Value="1"/>
<Cov CovItemId="S2" Value="1"/>
</CovPrefix>
</CovList>
<AssgnmntList>
<AssgnmntPrefix RootTermCovItemPrefix="is.calculator.Calculator.java">
<AssgnmntListEntry Length="1" RootTermCovItemId="C1">
<MapEntry BoolAssgnmnt="1" Value="1"/>
</AssgnmntListEntry>
</AssgnmntPrefix>
</AssgnmntList>
<ObjMetaDataList/>
<MetaDataList/>
</TestCase>
<TestCase Comment="" Date="1369390126594" Name="is.calculator.testCalculator:testMCD">
<CovList>
<CovPrefix CovItemPrefix="is.calculator.Calculator.java">
<Cov CovItemId="B4" Value="4"/>
<Cov CovItemId="B5" Value="1"/>
<Cov CovItemId="B6" Value="3"/>
<Cov CovItemId="S5" Value="4"/>
<Cov CovItemId="S7" Value="4"/>
<Cov CovItemId="S8" Value="1"/>
<Cov CovItemId="S9" Value="3"/>
</CovPrefix>
</CovList>
<AssgnmntList>
<AssgnmntPrefix RootTermCovItemPrefix="is.calculator.Calculator.java">
<AssgnmntListEntry Length="1" RootTermCovItemId="C2">
<MapEntry BoolAssgnmnt="0" Value="4"/>
</AssgnmntListEntry>
<AssgnmntListEntry Length="1" RootTermCovItemId="C3">
<MapEntry BoolAssgnmnt="0" Value="3"/>
<MapEntry BoolAssgnmnt="1" Value="1"/>
</AssgnmntListEntry>
</AssgnmntPrefix>
</AssgnmntList>
<ObjMetaDataList/>
<MetaDataList/>
</TestCase>
<TestCase Comment="" Date="1369390126595" Name="is.calculator.testCalculator:testmcm">
<CovList>
<CovPrefix CovItemPrefix="is.calculator.Calculator.java">
<Cov CovItemId="B4" Value="4"/>
<Cov CovItemId="B5" Value="1"/>
<Cov CovItemId="B6" Value="3"/>
<Cov CovItemId="S10" Value="1"/>
<Cov CovItemId="S5" Value="4"/>
<Cov CovItemId="S7" Value="4"/>
<Cov CovItemId="S8" Value="1"/>
<Cov CovItemId="S9" Value="3"/>
</CovPrefix>
</CovList>
<AssgnmntList>
<AssgnmntPrefix RootTermCovItemPrefix="is.calculator.Calculator.java">
<AssgnmntListEntry Length="1" RootTermCovItemId="C2">
<MapEntry BoolAssgnmnt="0" Value="4"/>
</AssgnmntListEntry>
<AssgnmntListEntry Length="1" RootTermCovItemId="C3">
<MapEntry BoolAssgnmnt="0" Value="3"/>
<MapEntry BoolAssgnmnt="1" Value="1"/>
</AssgnmntListEntry>
</AssgnmntPrefix>
</AssgnmntList>
<ObjMetaDataList/>
<MetaDataList/>
</TestCase>
<TestCase Comment="" Date="1369390126596" Name="is.calculator.testCalculator:testmoltiplicazione">
<CovList>
<CovPrefix CovItemPrefix="is.calculator.Calculator.java">
<Cov CovItemId="S4" Value="1"/>
</CovPrefix>
</CovList>
<AssgnmntList/>
<ObjMetaDataList/>
<MetaDataList/>
</TestCase>
<MetaDataList/>
</TestSession>
<TestSession Comment="" Date="1369390306767" Name="24-mag-2013 12.11.46">
<TestCase Comment="" Date="1369390306734" Name="is.calculator.testCalculator:test">
<CovList>
<CovPrefix CovItemPrefix="is.calculator.Calculator.java">
<Cov CovItemId="S4" Value="1"/>
</CovPrefix>
</CovList>
<AssgnmntList/>
<ObjMetaDataList/>
<MetaDataList/>
</TestCase>
<TestCase Comment="" Date="1369390306738" Name="is.calculator.testCalculator:testDivisione">
<CovList>
<CovPrefix CovItemPrefix="is.calculator.Calculator.java">
<Cov CovItemId="B1" Value="1"/>
<Cov CovItemId="S1" Value="1"/>
<Cov CovItemId="S2" Value="1"/>
</CovPrefix>
</CovList>
<AssgnmntList>
<AssgnmntPrefix RootTermCovItemPrefix="is.calculator.Calculator.java">
<AssgnmntListEntry Length="1" RootTermCovItemId="C1">
<MapEntry BoolAssgnmnt="1" Value="1"/>
</AssgnmntListEntry>
</AssgnmntPrefix>
</AssgnmntList>
<ObjMetaDataList/>
<MetaDataList/>
</TestCase>
<TestCase Comment="" Date="1369390306739" Name="is.calculator.testCalculator:testMCD">
<CovList>
<CovPrefix CovItemPrefix="is.calculator.Calculator.java">
<Cov CovItemId="B4" Value="4"/>
<Cov CovItemId="B5" Value="1"/>
<Cov CovItemId="B6" Value="3"/>
<Cov CovItemId="S5" Value="4"/>
<Cov CovItemId="S7" Value="4"/>
<Cov CovItemId="S8" Value="1"/>
<Cov CovItemId="S9" Value="3"/>
</CovPrefix>
</CovList>
<AssgnmntList>
<AssgnmntPrefix RootTermCovItemPrefix="is.calculator.Calculator.java">
<AssgnmntListEntry Length="1" RootTermCovItemId="C2">
<MapEntry BoolAssgnmnt="0" Value="4"/>
</AssgnmntListEntry>
<AssgnmntListEntry Length="1" RootTermCovItemId="C3">
<MapEntry BoolAssgnmnt="0" Value="3"/>
<MapEntry BoolAssgnmnt="1" Value="1"/>
</AssgnmntListEntry>
</AssgnmntPrefix>
</AssgnmntList>
<ObjMetaDataList/>
<MetaDataList/>
</TestCase>
<TestCase Comment="" Date="1369390306740" Name="is.calculator.testCalculator:testmcm">
<CovList>
<CovPrefix CovItemPrefix="is.calculator.Calculator.java">
<Cov CovItemId="B4" Value="4"/>
<Cov CovItemId="B5" Value="1"/>
<Cov CovItemId="B6" Value="3"/>
<Cov CovItemId="S10" Value="1"/>
<Cov CovItemId="S5" Value="4"/>
<Cov CovItemId="S7" Value="4"/>
<Cov CovItemId="S8" Value="1"/>
<Cov CovItemId="S9" Value="3"/>
</CovPrefix>
</CovList>
<AssgnmntList>
<AssgnmntPrefix RootTermCovItemPrefix="is.calculator.Calculator.java">
<AssgnmntListEntry Length="1" RootTermCovItemId="C2">
<MapEntry BoolAssgnmnt="0" Value="4"/>
</AssgnmntListEntry>
<AssgnmntListEntry Length="1" RootTermCovItemId="C3">
<MapEntry BoolAssgnmnt="0" Value="3"/>
<MapEntry BoolAssgnmnt="1" Value="1"/>
</AssgnmntListEntry>
</AssgnmntPrefix>
</AssgnmntList>
<ObjMetaDataList/>
<MetaDataList/>
</TestCase>
<TestCase Comment="" Date="1369390306741" Name="is.calculator.testCalculator:testmoltiplicazione">
<CovList>
<CovPrefix CovItemPrefix="is.calculator.Calculator.java">
<Cov CovItemId="S4" Value="1"/>
</CovPrefix>
</CovList>
<AssgnmntList/>
<ObjMetaDataList/>
<MetaDataList/>
</TestCase>
<TestCase Comment="Failure&#10;java.lang.AssertionError: MCD non corretto! expected:&lt;5&gt; but was:&lt;15&gt;&#10;&#9;at org.junit.Assert.fail(Assert.java:93)&#10;&#9;at org.junit.Assert.failNotEquals(Assert.java:647)&#10;&#9;at org.junit.Assert.assertEquals(Assert.java:128)&#10;&#9;at org.junit.Assert.assertEquals(Assert.java:472)&#10;&#9;at is.calculator.testCalculator.testMCD2(testCalculator.java:69)&#10;&#9;at sun.reflect.NativeMethodAccessorImpl.invoke0(Native Method)&#10;&#9;at sun.reflect.NativeMethodAccessorImpl.invoke(NativeMethodAccessorImpl.java:39)&#10;&#9;at sun.reflect.DelegatingMethodAccessorImpl.invoke(DelegatingMethodAccessorImpl.java:25)&#10;&#9;at java.lang.reflect.Method.invoke(Method.java:597)&#10;&#9;at org.junit.runners.model.FrameworkMethod$1.runReflectiveCall(FrameworkMethod.java:45)&#10;&#9;at org.junit.internal.runners.model.ReflectiveCallable.run(ReflectiveCallable.java:15)&#10;&#9;at org.junit.runners.model.FrameworkMethod.invokeExplosively(FrameworkMethod.java:42)&#10;&#9;at org.junit.internal.runners.statements.InvokeMethod.evaluate(InvokeMethod.java:20)&#10;&#9;at org.junit.internal.runners.statements.RunBefores.evaluate(RunBefores.java:28)&#10;&#9;at org.junit.internal.runners.statements.RunAfters.evaluate(RunAfters.java:30)&#10;&#9;at org.junit.runners.ParentRunner.runLeaf(ParentRunner.java:263)&#10;&#9;at org.junit.runners.BlockJUnit4ClassRunner.runChild(BlockJUnit4ClassRunner.java:68)&#10;&#9;at org.junit.runners.BlockJUnit4ClassRunner.runChild(BlockJUnit4ClassRunner.java:47)&#10;&#9;at org.junit.runners.ParentRunner$3.run(ParentRunner.java:231)&#10;&#9;at org.junit.runners.ParentRunner$1.schedule(ParentRunner.java:60)&#10;&#9;at org.junit.runners.ParentRunner.runChildren(ParentRunner.java:229)&#10;&#9;at org.junit.runners.ParentRunner.access$000(ParentRunner.java:50)&#10;&#9;at org.junit.runners.ParentRunner$2.evaluate(ParentRunner.java:222)&#10;&#9;at org.junit.internal.runners.statements.RunBefores.evaluate(RunBefores.java:28)&#10;&#9;at org.junit.internal.runners.statements.RunAfters.evaluate(RunAfters.java:30)&#10;&#9;at org.junit.runners.ParentRunner.run(ParentRunner.java:300)&#10;&#9;at org.eclipse.jdt.internal.junit4.runner.JUnit4TestReference.run(JUnit4TestReference.java:50)&#10;&#9;at org.eclipse.jdt.internal.junit.runner.TestExecution.run(TestExecution.java:38)&#10;&#9;at org.eclipse.jdt.internal.junit.runner.RemoteTestRunner.runTests(RemoteTestRunner.java:467)&#10;&#9;at org.eclipse.jdt.internal.junit.runner.RemoteTestRunner.runTests(RemoteTestRunner.java:683)&#10;&#9;at org.eclipse.jdt.internal.junit.runner.RemoteTestRunner.run(RemoteTestRunner.java:390)&#10;&#9;at org.codecover.juniteclipse.runner.EclipseTestRunner.main(EclipseTestRunner.java:40)" Date="1369390306742" Name="is.calculator.testCalculator:testMCD2">
<CovList>
<CovPrefix CovItemPrefix="is.calculator.Calculator.java">
<Cov CovItemId="B3" Value="1"/>
<Cov CovItemId="B4" Value="2"/>
<Cov CovItemId="B5" Value="1"/>
<Cov CovItemId="B6" Value="1"/>
<Cov CovItemId="S5" Value="3"/>
<Cov CovItemId="S6" Value="1"/>
<Cov CovItemId="S7" Value="2"/>
<Cov CovItemId="S8" Value="1"/>
<Cov CovItemId="S9" Value="1"/>
</CovPrefix>
</CovList>
<AssgnmntList>
<AssgnmntPrefix RootTermCovItemPrefix="is.calculator.Calculator.java">
<AssgnmntListEntry Length="1" RootTermCovItemId="C2">
<MapEntry BoolAssgnmnt="0" Value="2"/>
<MapEntry BoolAssgnmnt="1" Value="1"/>
</AssgnmntListEntry>
<AssgnmntListEntry Length="1" RootTermCovItemId="C3">
<MapEntry BoolAssgnmnt="0" Value="1"/>
<MapEntry BoolAssgnmnt="1" Value="1"/>
</AssgnmntListEntry>
</AssgnmntPrefix>
</AssgnmntList>
<ObjMetaDataList/>
<MetaDataList/>
</TestCase>
<MetaDataList/>
</TestSession>
</TestSessionContainer>
